f:\unityphysxexport_proj\trunk\pxserializtionproject\pxserialization\visualstudioproject\pxserializtion\pxserializtion\x64\release\pxserializtion.pch
f:\unityphysxexport_proj\trunk\pxserializtionproject\pxserialization\visualstudioproject\pxserializtion\pxserializtion\x64\release\vc120.pdb
f:\unityphysxexport_proj\trunk\pxserializtionproject\pxserialization\visualstudioproject\pxserializtion\pxserializtion\x64\release\stdafx.obj
f:\unityphysxexport_proj\trunk\pxserializtionproject\pxserialization\visualstudioproject\pxserializtion\pxserializtion\x64\release\assemblyinfo.obj
f:\unityphysxexport_proj\trunk\pxserializtionproject\pxserialization\visualstudioproject\pxserializtion\pxserializtion\x64\release\pxserialization.obj
f:\unityphysxexport_proj\trunk\pxserializtionproject\pxserialization\visualstudioproject\pxserializtion\x64\release\pxserializtion.dll
f:\unityphysxexport_proj\trunk\pxserializtionproject\pxserialization\visualstudioproject\pxserializtion\x64\release\pxserializtion.pdb
f:\unityphysxexport_proj\trunk\pxserializtionproject\pxserialization\visualstudioproject\pxserializtion\x64\release\pxserializtion.lib
f:\unityphysxexport_proj\trunk\pxserializtionproject\pxserialization\visualstudioproject\pxserializtion\x64\release\pxserializtion.exp
f:\unityphysxexport_proj\trunk\pxserializtionproject\pxserialization\visualstudioproject\pxserializtion\pxserializtion\x64\release\app.res
f:\unityphysxexport_proj\trunk\pxserializtionproject\pxserialization\visualstudioproject\pxserializtion\pxserializtion\x64\release\pxserializtion.tlog\cl.command.1.tlog
f:\unityphysxexport_proj\trunk\pxserializtionproject\pxserialization\visualstudioproject\pxserializtion\pxserializtion\x64\release\pxserializtion.tlog\cl.read.1.tlog
f:\unityphysxexport_proj\trunk\pxserializtionproject\pxserialization\visualstudioproject\pxserializtion\pxserializtion\x64\release\pxserializtion.tlog\cl.write.1.tlog
f:\unityphysxexport_proj\trunk\pxserializtionproject\pxserialization\visualstudioproject\pxserializtion\pxserializtion\x64\release\pxserializtion.tlog\link.command.1.tlog
f:\unityphysxexport_proj\trunk\pxserializtionproject\pxserialization\visualstudioproject\pxserializtion\pxserializtion\x64\release\pxserializtion.tlog\link.read.1.tlog
f:\unityphysxexport_proj\trunk\pxserializtionproject\pxserialization\visualstudioproject\pxserializtion\pxserializtion\x64\release\pxserializtion.tlog\link.write.1.tlog
f:\unityphysxexport_proj\trunk\pxserializtionproject\pxserialization\visualstudioproject\pxserializtion\pxserializtion\x64\release\pxserializtion.tlog\metagen.read.1.tlog
f:\unityphysxexport_proj\trunk\pxserializtionproject\pxserialization\visualstudioproject\pxserializtion\pxserializtion\x64\release\pxserializtion.tlog\metagen.write.1.tlog
f:\unityphysxexport_proj\trunk\pxserializtionproject\pxserialization\visualstudioproject\pxserializtion\pxserializtion\x64\release\pxserializtion.tlog\pxserializtion.write.1u.tlog
f:\unityphysxexport_proj\trunk\pxserializtionproject\pxserialization\visualstudioproject\pxserializtion\pxserializtion\x64\release\pxserializtion.tlog\rc.command.1.tlog
f:\unityphysxexport_proj\trunk\pxserializtionproject\pxserialization\visualstudioproject\pxserializtion\pxserializtion\x64\release\pxserializtion.tlog\rc.read.1.tlog
f:\unityphysxexport_proj\trunk\pxserializtionproject\pxserialization\visualstudioproject\pxserializtion\pxserializtion\x64\release\pxserializtion.tlog\rc.write.1.tlog
f:\unityphysxexport_proj\trunk\pxserializtionproject\pxserialization\visualstudioproject\pxserializtion\pxserializtion\x64\release\pxserializtion.tlog\rsaenh.dll.bi
f:\unityphysxexport_proj\trunk\pxserializtionproject\pxserialization\visualstudioproject\pxserializtion\pxserializtion\x64\release\pxserializtion.tlog\tzres.dll.bi
