f:\unityphysxexport_proj\trunk\pxserializtionproject\pxserialization\visualstudioproject\pxserializtion\pxserializtion\x64\release\pxserialization.pch
f:\unityphysxexport_proj\trunk\pxserializtionproject\pxserialization\visualstudioproject\pxserializtion\pxserializtion\x64\release\vc120.pdb
f:\unityphysxexport_proj\trunk\pxserializtionproject\pxserialization\visualstudioproject\pxserializtion\pxserializtion\x64\release\stdafx.obj
f:\unityphysxexport_proj\trunk\pxserializtionproject\pxserialization\visualstudioproject\pxserializtion\pxserializtion\x64\release\assemblyinfo.obj
f:\unityphysxexport_proj\trunk\pxserializtionproject\pxserialization\visualstudioproject\pxserializtion\pxserializtion\x64\release\pxserialization.obj
f:\unityphysxexport_proj\trunk\pxserializtionproject\pxserialization\visualstudioproject\pxserializtion\x64\release\pxserialization.dll
f:\unityphysxexport_proj\trunk\pxserializtionproject\pxserialization\visualstudioproject\pxserializtion\x64\release\pxserialization.pdb
f:\unityphysxexport_proj\trunk\pxserializtionproject\pxserialization\visualstudioproject\pxserializtion\x64\release\pxserialization.lib
f:\unityphysxexport_proj\trunk\pxserializtionproject\pxserialization\visualstudioproject\pxserializtion\x64\release\pxserialization.exp
f:\unityphysxexport_proj\trunk\pxserializtionproject\pxserialization\visualstudioproject\pxserializtion\pxserializtion\x64\release\pxserialization.tlog\cl.command.1.tlog
f:\unityphysxexport_proj\trunk\pxserializtionproject\pxserialization\visualstudioproject\pxserializtion\pxserializtion\x64\release\pxserialization.tlog\cl.read.1.tlog
f:\unityphysxexport_proj\trunk\pxserializtionproject\pxserialization\visualstudioproject\pxserializtion\pxserializtion\x64\release\pxserialization.tlog\cl.write.1.tlog
f:\unityphysxexport_proj\trunk\pxserializtionproject\pxserialization\visualstudioproject\pxserializtion\pxserializtion\x64\release\pxserialization.tlog\link.command.1.tlog
f:\unityphysxexport_proj\trunk\pxserializtionproject\pxserialization\visualstudioproject\pxserializtion\pxserializtion\x64\release\pxserialization.tlog\link.read.1.tlog
f:\unityphysxexport_proj\trunk\pxserializtionproject\pxserialization\visualstudioproject\pxserializtion\pxserializtion\x64\release\pxserialization.tlog\link.write.1.tlog
f:\unityphysxexport_proj\trunk\pxserializtionproject\pxserialization\visualstudioproject\pxserializtion\pxserializtion\x64\release\pxserialization.tlog\metagen.read.1.tlog
f:\unityphysxexport_proj\trunk\pxserializtionproject\pxserialization\visualstudioproject\pxserializtion\pxserializtion\x64\release\pxserialization.tlog\metagen.write.1.tlog
f:\unityphysxexport_proj\trunk\pxserializtionproject\pxserialization\visualstudioproject\pxserializtion\pxserializtion\x64\release\pxserialization.tlog\pxserialization.write.1u.tlog
f:\unityphysxexport_proj\trunk\pxserializtionproject\pxserialization\visualstudioproject\pxserializtion\pxserializtion\x64\release\pxserialization.tlog\rsaenh.dll.bi
f:\unityphysxexport_proj\trunk\pxserializtionproject\pxserialization\visualstudioproject\pxserializtion\pxserializtion\x64\release\pxserialization.tlog\tzres.dll.bi
